<?xml version="1.0" encoding="UTF-8"?>
<testng-results skipped="0" failed="0" total="1" passed="1">
  <reporter-output>
  </reporter-output>
  <suite name="com.test.AppTest" duration-ms="28" started-at="2016-12-06T04:28:02Z" finished-at="2016-12-06T04:28:02Z">
    <groups>
    </groups>
    <test name="Command line test" duration-ms="28" started-at="2016-12-06T04:28:02Z" finished-at="2016-12-06T04:28:02Z">
      <class name="com.test.AppTest">
        <test-method status="PASS" signature="SampleTest()[pri:0, instance:com.test.AppTest@7d417077]" name="SampleTest" duration-ms="11" started-at="2016-12-06T09:58:02Z" finished-at="2016-12-06T09:58:02Z">
          <reporter-output>
          </reporter-output>
        </test-method> <!-- SampleTest -->
      </class> <!-- com.test.AppTest -->
    </test> <!-- Command line test -->
  </suite> <!-- com.test.AppTest -->
</testng-results>
